<?xml version="1.0" encoding="UTF-8"?>
<!-- Generated by org.testng.reporters.JUnitReportReporter -->
<testsuite hostname="DESKTOP-1BLE9HI" failures="0" tests="3" name="htmlMethods.Header_CookiesTest" time="4.031" errors="0" timestamp="2024-09-18T08:13:46 IST" skipped="0">
  <testcase classname="htmlMethods.Header_CookiesTest" name="testAllHeader" time="2.505"/>
  <testcase classname="htmlMethods.Header_CookiesTest" name="testHeaders" time="0.727"/>
  <testcase classname="htmlMethods.Header_CookiesTest" name="cookiesTest" time="0.799"/>
</testsuite> <!-- htmlMethods.Header_CookiesTest -->
