<?xml version="1.0" encoding="UTF-8"?>
<!-- Generated by org.testng.reporters.JUnitReportReporter -->
<testsuite hostname="DESKTOP-1BLE9HI" failures="0" tests="5" name="htmlMethods.RequestLatestWay_GET" time="3.216" errors="0" timestamp="2024-09-16T10:33:08 IST" skipped="4">
  <testcase classname="htmlMethods.RequestLatestWay_GET" name="getTestMethods" time="3.216"/>
  <testcase classname="htmlMethods.RequestLatestWay_GET" name="getListOfUsers">
    <skipped/>
  </testcase> <!-- getListOfUsers -->
  <testcase classname="htmlMethods.RequestLatestWay_GET" name="getresouresingle">
    <skipped/>
  </testcase> <!-- getresouresingle -->
  <testcase classname="htmlMethods.RequestLatestWay_GET" name="getRequest01">
    <skipped/>
  </testcase> <!-- getRequest01 -->
  <testcase classname="htmlMethods.RequestLatestWay_GET" name="getsingleUser">
    <skipped/>
  </testcase> <!-- getsingleUser -->
</testsuite> <!-- htmlMethods.RequestLatestWay_GET -->
