<?xml version="1.0" encoding="UTF-8"?>
<!-- Generated by org.testng.reporters.JUnitReportReporter -->
<testsuite hostname="DESKTOP-1BLE9HI" failures="0" tests="1" name="htmlMethods.QueryanrPathParameter" time="1.727" errors="0" timestamp="2024-09-17T21:46:20 IST" skipped="0">
  <testcase classname="htmlMethods.QueryanrPathParameter" name="testParam" time="1.727"/>
</testsuite> <!-- htmlMethods.QueryanrPathParameter -->
