<?xml version="1.0" encoding="UTF-8"?>
<!-- Generated by org.testng.reporters.JUnitReportReporter -->
<testsuite hostname="DESKTOP-1BLE9HI" failures="0" tests="4" name="htmlMethods.SameUserGETPOSTPUTDELEETE" time="5.351" errors="0" timestamp="2024-09-17T18:56:09 IST" skipped="0">
  <testcase classname="htmlMethods.SameUserGETPOSTPUTDELEETE" name="creatUser" time="2.965"/>
  <testcase classname="htmlMethods.SameUserGETPOSTPUTDELEETE" name="getUser" time="0.875"/>
  <testcase classname="htmlMethods.SameUserGETPOSTPUTDELEETE" name="putupdateUser" time="0.720"/>
  <testcase classname="htmlMethods.SameUserGETPOSTPUTDELEETE" name="DeleteUser" time="0.791"/>
</testsuite> <!-- htmlMethods.SameUserGETPOSTPUTDELEETE -->
