<?xml version="1.0" encoding="UTF-8"?>
<!-- Generated by org.testng.reporters.JUnitReportReporter -->
<testsuite hostname="DESKTOP-1BLE9HI" failures="0" tests="1" name="htmlMethods.Request_01_GET" time="1.700" errors="0" timestamp="2024-09-14T13:28:29 IST" skipped="0">
  <testcase classname="htmlMethods.Request_01_GET" name="getRequest_SingleUser" time="1.700"/>
</testsuite> <!-- htmlMethods.Request_01_GET -->
