<?xml version="1.0" encoding="UTF-8"?>
<!-- Generated by org.testng.reporters.JUnitReportReporter -->
<testsuite hostname="DESKTOP-1BLE9HI" failures="0" tests="2" name="htmlMethods.Serialization_DeSerialization" time="0.244" errors="0" timestamp="2024-09-18T10:59:41 IST" skipped="0">
  <testcase classname="htmlMethods.Serialization_DeSerialization" name="Testserilization" time="0.218"/>
  <testcase classname="htmlMethods.Serialization_DeSerialization" name="testdeserialization" time="0.026"/>
</testsuite> <!-- htmlMethods.Serialization_DeSerialization -->
