<?xml version="1.0" encoding="UTF-8"?>
<!-- Generated by org.testng.reporters.JUnitReportReporter -->
<testsuite hostname="DESKTOP-1BLE9HI" failures="0" tests="2" name="htmlMethods.PostRequest" time="3.081" errors="0" timestamp="2024-09-17T18:32:52 IST" skipped="0">
  <testcase classname="htmlMethods.PostRequest" name="post_HashMap" time="2.384"/>
  <testcase classname="htmlMethods.PostRequest" name="posy_POJO" time="0.697"/>
</testsuite> <!-- htmlMethods.PostRequest -->
