<?xml version="1.0" encoding="UTF-8"?>
<!-- Generated by org.testng.reporters.JUnitReportReporter -->
<testsuite hostname="DESKTOP-1BLE9HI" failures="0" tests="3" name="htmlMethods.PUT_DELETE_Request" time="3.926" errors="0" timestamp="2024-09-17T17:05:56 IST" skipped="0">
  <testcase classname="htmlMethods.PUT_DELETE_Request" name="PutRequest_Update" time="2.477"/>
  <testcase classname="htmlMethods.PUT_DELETE_Request" name="patchRequest_Update" time="0.631"/>
  <testcase classname="htmlMethods.PUT_DELETE_Request" name="deleteRequest" time="0.818"/>
</testsuite> <!-- htmlMethods.PUT_DELETE_Request -->
